==105614== Memcheck, a memory error detector
==105614== Copyright (C) 2002-2017, and GNU GPL'd, by Julian Seward et al.
==105614== Using Valgrind-3.15.0 and LibVEX; rerun with -h for copyright info
==105614== Command: ./bin/minishell
==105614== Parent PID: 11050
==105614== 
==105614== 
==105614== HEAP SUMMARY:
==105614==     in use at exit: 217,943 bytes in 1,084 blocks
==105614==   total heap usage: 2,755 allocs, 1,671 frees, 624,615 bytes allocated
==105614== 
==105614== 8 bytes in 1 blocks are still reachable in loss record 3 of 66
==105614==    at 0x483DFAF: realloc (in /usr/lib/x86_64-linux-gnu/valgrind/vgpreload_memcheck-amd64-linux.so)
==105614==    by 0x48A6041: xrealloc (in /usr/lib/x86_64-linux-gnu/libreadline.so.8.0)
==105614==    by 0x4891063: ??? (in /usr/lib/x86_64-linux-gnu/libreadline.so.8.0)
==105614==    by 0x48917D5: rl_expand_prompt (in /usr/lib/x86_64-linux-gnu/libreadline.so.8.0)
==105614==    by 0x487EFE5: rl_set_prompt (in /usr/lib/x86_64-linux-gnu/libreadline.so.8.0)
==105614==    by 0x48804AA: readline (in /usr/lib/x86_64-linux-gnu/libreadline.so.8.0)
==105614==    by 0x401A74: input (input.c:25)
==105614==    by 0x40133B: minishell (main.c:25)
==105614==    by 0x4013FE: main (main.c:49)
==105614== 
==105614== 12 bytes in 2 blocks are still reachable in loss record 5 of 66
==105614==    at 0x483B7F3: malloc (in /usr/lib/x86_64-linux-gnu/valgrind/vgpreload_memcheck-amd64-linux.so)
==105614==    by 0x48A600C: xmalloc (in /usr/lib/x86_64-linux-gnu/libreadline.so.8.0)
==105614==    by 0x489F760: alloc_history_entry (in /usr/lib/x86_64-linux-gnu/libreadline.so.8.0)
==105614==    by 0x489FA04: add_history (in /usr/lib/x86_64-linux-gnu/libreadline.so.8.0)
==105614==    by 0x401863: history_append (history.c:41)
==105614==    by 0x401AB5: input (input.c:28)
==105614==    by 0x40133B: minishell (main.c:25)
==105614==    by 0x4013FE: main (main.c:49)
==105614== 
==105614== 13 bytes in 1 blocks are still reachable in loss record 6 of 66
==105614==    at 0x483B7F3: malloc (in /usr/lib/x86_64-linux-gnu/valgrind/vgpreload_memcheck-amd64-linux.so)
==105614==    by 0x48A600C: xmalloc (in /usr/lib/x86_64-linux-gnu/libreadline.so.8.0)
==105614==    by 0x488DCF2: ??? (in /usr/lib/x86_64-linux-gnu/libreadline.so.8.0)
==105614==    by 0x4880228: rl_initialize (in /usr/lib/x86_64-linux-gnu/libreadline.so.8.0)
==105614==    by 0x48804AF: readline (in /usr/lib/x86_64-linux-gnu/libreadline.so.8.0)
==105614==    by 0x401A74: input (input.c:25)
==105614==    by 0x40133B: minishell (main.c:25)
==105614==    by 0x4013FE: main (main.c:49)
==105614== 
==105614== 14 bytes in 1 blocks are still reachable in loss record 7 of 66
==105614==    at 0x483DFAF: realloc (in /usr/lib/x86_64-linux-gnu/valgrind/vgpreload_memcheck-amd64-linux.so)
==105614==    by 0x4ABD2C7: _nc_doalloc (in /usr/lib/x86_64-linux-gnu/libtinfo.so.6.2)
==105614==    by 0x4AC1C3E: tparm (in /usr/lib/x86_64-linux-gnu/libtinfo.so.6.2)
==105614==    by 0x4AC7274: ??? (in /usr/lib/x86_64-linux-gnu/libtinfo.so.6.2)
==105614==    by 0x4AC74E9: _nc_trim_sgr0 (in /usr/lib/x86_64-linux-gnu/libtinfo.so.6.2)
==105614==    by 0x4AC0538: tgetent_sp (in /usr/lib/x86_64-linux-gnu/libtinfo.so.6.2)
==105614==    by 0x489B75B: _rl_init_terminal_io (in /usr/lib/x86_64-linux-gnu/libreadline.so.8.0)
==105614==    by 0x48801FF: rl_initialize (in /usr/lib/x86_64-linux-gnu/libreadline.so.8.0)
==105614==    by 0x48804AF: readline (in /usr/lib/x86_64-linux-gnu/libreadline.so.8.0)
==105614==    by 0x401A74: input (input.c:25)
==105614==    by 0x40133B: minishell (main.c:25)
==105614==    by 0x4013FE: main (main.c:49)
==105614== 
==105614== 20 bytes in 1 blocks are still reachable in loss record 10 of 66
==105614==    at 0x483B7F3: malloc (in /usr/lib/x86_64-linux-gnu/valgrind/vgpreload_memcheck-amd64-linux.so)
==105614==    by 0x48A600C: xmalloc (in /usr/lib/x86_64-linux-gnu/libreadline.so.8.0)
==105614==    by 0x488E9D3: ??? (in /usr/lib/x86_64-linux-gnu/libreadline.so.8.0)
==105614==    by 0x488D818: rl_parse_and_bind (in /usr/lib/x86_64-linux-gnu/libreadline.so.8.0)
==105614==    by 0x488DC6C: ??? (in /usr/lib/x86_64-linux-gnu/libreadline.so.8.0)
==105614==    by 0x4880228: rl_initialize (in /usr/lib/x86_64-linux-gnu/libreadline.so.8.0)
==105614==    by 0x48804AF: readline (in /usr/lib/x86_64-linux-gnu/libreadline.so.8.0)
==105614==    by 0x401A74: input (input.c:25)
==105614==    by 0x40133B: minishell (main.c:25)
==105614==    by 0x4013FE: main (main.c:49)
==105614== 
==105614== 24 bytes in 2 blocks are still reachable in loss record 12 of 66
==105614==    at 0x483B7F3: malloc (in /usr/lib/x86_64-linux-gnu/valgrind/vgpreload_memcheck-amd64-linux.so)
==105614==    by 0x48A600C: xmalloc (in /usr/lib/x86_64-linux-gnu/libreadline.so.8.0)
==105614==    by 0x489F9E2: add_history (in /usr/lib/x86_64-linux-gnu/libreadline.so.8.0)
==105614==    by 0x401863: history_append (history.c:41)
==105614==    by 0x401AB5: input (input.c:28)
==105614==    by 0x40133B: minishell (main.c:25)
==105614==    by 0x4013FE: main (main.c:49)
==105614== 
==105614== 38 bytes in 1 blocks are still reachable in loss record 13 of 66
==105614==    at 0x483B7F3: malloc (in /usr/lib/x86_64-linux-gnu/valgrind/vgpreload_memcheck-amd64-linux.so)
==105614==    by 0x409F2C: ft_strjoin (in /home/anon/42/minishell/bin/minishell)
==105614==    by 0x4017E8: obtain_path (history.c:24)
==105614==    by 0x40187C: load_history (history.c:50)
==105614==    by 0x4013F9: main (main.c:48)
==105614== 
==105614== 48 bytes in 2 blocks are still reachable in loss record 17 of 66
==105614==    at 0x483B7F3: malloc (in /usr/lib/x86_64-linux-gnu/valgrind/vgpreload_memcheck-amd64-linux.so)
==105614==    by 0x48A600C: xmalloc (in /usr/lib/x86_64-linux-gnu/libreadline.so.8.0)
==105614==    by 0x489F747: alloc_history_entry (in /usr/lib/x86_64-linux-gnu/libreadline.so.8.0)
==105614==    by 0x489FA04: add_history (in /usr/lib/x86_64-linux-gnu/libreadline.so.8.0)
==105614==    by 0x401863: history_append (history.c:41)
==105614==    by 0x401AB5: input (input.c:28)
==105614==    by 0x40133B: minishell (main.c:25)
==105614==    by 0x4013FE: main (main.c:49)
==105614== 
==105614== 62 bytes in 1 blocks are still reachable in loss record 19 of 66
==105614==    at 0x483B7F3: malloc (in /usr/lib/x86_64-linux-gnu/valgrind/vgpreload_memcheck-amd64-linux.so)
==105614==    by 0x48A600C: xmalloc (in /usr/lib/x86_64-linux-gnu/libreadline.so.8.0)
==105614==    by 0x489102F: ??? (in /usr/lib/x86_64-linux-gnu/libreadline.so.8.0)
==105614==    by 0x48917D5: rl_expand_prompt (in /usr/lib/x86_64-linux-gnu/libreadline.so.8.0)
==105614==    by 0x487EFE5: rl_set_prompt (in /usr/lib/x86_64-linux-gnu/libreadline.so.8.0)
==105614==    by 0x48804AA: readline (in /usr/lib/x86_64-linux-gnu/libreadline.so.8.0)
==105614==    by 0x401A74: input (input.c:25)
==105614==    by 0x40133B: minishell (main.c:25)
==105614==    by 0x4013FE: main (main.c:49)
==105614== 
==105614== 94 bytes in 1 blocks are still reachable in loss record 22 of 66
==105614==    at 0x483B7F3: malloc (in /usr/lib/x86_64-linux-gnu/valgrind/vgpreload_memcheck-amd64-linux.so)
==105614==    by 0x4AC1542: _nc_tparm_analyze (in /usr/lib/x86_64-linux-gnu/libtinfo.so.6.2)
==105614==    by 0x4AC17CB: tparm (in /usr/lib/x86_64-linux-gnu/libtinfo.so.6.2)
==105614==    by 0x4AC7274: ??? (in /usr/lib/x86_64-linux-gnu/libtinfo.so.6.2)
==105614==    by 0x4AC74E9: _nc_trim_sgr0 (in /usr/lib/x86_64-linux-gnu/libtinfo.so.6.2)
==105614==    by 0x4AC0538: tgetent_sp (in /usr/lib/x86_64-linux-gnu/libtinfo.so.6.2)
==105614==    by 0x489B75B: _rl_init_terminal_io (in /usr/lib/x86_64-linux-gnu/libreadline.so.8.0)
==105614==    by 0x48801FF: rl_initialize (in /usr/lib/x86_64-linux-gnu/libreadline.so.8.0)
==105614==    by 0x48804AF: readline (in /usr/lib/x86_64-linux-gnu/libreadline.so.8.0)
==105614==    by 0x401A74: input (input.c:25)
==105614==    by 0x40133B: minishell (main.c:25)
==105614==    by 0x4013FE: main (main.c:49)
==105614== 
==105614== 1,024 bytes in 1 blocks are still reachable in loss record 29 of 66
==105614==    at 0x483B7F3: malloc (in /usr/lib/x86_64-linux-gnu/valgrind/vgpreload_memcheck-amd64-linux.so)
==105614==    by 0x48A600C: xmalloc (in /usr/lib/x86_64-linux-gnu/libreadline.so.8.0)
==105614==    by 0x4890B8A: ??? (in /usr/lib/x86_64-linux-gnu/libreadline.so.8.0)
==105614==    by 0x48960E6: rl_redisplay (in /usr/lib/x86_64-linux-gnu/libreadline.so.8.0)
==105614==    by 0x487F0F6: readline_internal_setup (in /usr/lib/x86_64-linux-gnu/libreadline.so.8.0)
==105614==    by 0x48804D3: readline (in /usr/lib/x86_64-linux-gnu/libreadline.so.8.0)
==105614==    by 0x401A74: input (input.c:25)
==105614==    by 0x40133B: minishell (main.c:25)
==105614==    by 0x4013FE: main (main.c:49)
==105614== 
==105614== 1,024 bytes in 1 blocks are still reachable in loss record 30 of 66
==105614==    at 0x483B7F3: malloc (in /usr/lib/x86_64-linux-gnu/valgrind/vgpreload_memcheck-amd64-linux.so)
==105614==    by 0x48A600C: xmalloc (in /usr/lib/x86_64-linux-gnu/libreadline.so.8.0)
==105614==    by 0x4890BA0: ??? (in /usr/lib/x86_64-linux-gnu/libreadline.so.8.0)
==105614==    by 0x48960E6: rl_redisplay (in /usr/lib/x86_64-linux-gnu/libreadline.so.8.0)
==105614==    by 0x487F0F6: readline_internal_setup (in /usr/lib/x86_64-linux-gnu/libreadline.so.8.0)
==105614==    by 0x48804D3: readline (in /usr/lib/x86_64-linux-gnu/libreadline.so.8.0)
==105614==    by 0x401A74: input (input.c:25)
==105614==    by 0x40133B: minishell (main.c:25)
==105614==    by 0x4013FE: main (main.c:49)
==105614== 
==105614== 1,024 bytes in 1 blocks are still reachable in loss record 31 of 66
==105614==    at 0x483B7F3: malloc (in /usr/lib/x86_64-linux-gnu/valgrind/vgpreload_memcheck-amd64-linux.so)
==105614==    by 0x48A600C: xmalloc (in /usr/lib/x86_64-linux-gnu/libreadline.so.8.0)
==105614==    by 0x4890BE8: ??? (in /usr/lib/x86_64-linux-gnu/libreadline.so.8.0)
==105614==    by 0x48960E6: rl_redisplay (in /usr/lib/x86_64-linux-gnu/libreadline.so.8.0)
==105614==    by 0x487F0F6: readline_internal_setup (in /usr/lib/x86_64-linux-gnu/libreadline.so.8.0)
==105614==    by 0x48804D3: readline (in /usr/lib/x86_64-linux-gnu/libreadline.so.8.0)
==105614==    by 0x401A74: input (input.c:25)
==105614==    by 0x40133B: minishell (main.c:25)
==105614==    by 0x4013FE: main (main.c:49)
==105614== 
==105614== 1,024 bytes in 1 blocks are still reachable in loss record 32 of 66
==105614==    at 0x483B7F3: malloc (in /usr/lib/x86_64-linux-gnu/valgrind/vgpreload_memcheck-amd64-linux.so)
==105614==    by 0x48A600C: xmalloc (in /usr/lib/x86_64-linux-gnu/libreadline.so.8.0)
==105614==    by 0x4890C07: ??? (in /usr/lib/x86_64-linux-gnu/libreadline.so.8.0)
==105614==    by 0x48960E6: rl_redisplay (in /usr/lib/x86_64-linux-gnu/libreadline.so.8.0)
==105614==    by 0x487F0F6: readline_internal_setup (in /usr/lib/x86_64-linux-gnu/libreadline.so.8.0)
==105614==    by 0x48804D3: readline (in /usr/lib/x86_64-linux-gnu/libreadline.so.8.0)
==105614==    by 0x401A74: input (input.c:25)
==105614==    by 0x40133B: minishell (main.c:25)
==105614==    by 0x4013FE: main (main.c:49)
==105614== 
==105614== 1,024 bytes in 1 blocks are still reachable in loss record 33 of 66
==105614==    at 0x483B7F3: malloc (in /usr/lib/x86_64-linux-gnu/valgrind/vgpreload_memcheck-amd64-linux.so)
==105614==    by 0x48A600C: xmalloc (in /usr/lib/x86_64-linux-gnu/libreadline.so.8.0)
==105614==    by 0x4890C1F: ??? (in /usr/lib/x86_64-linux-gnu/libreadline.so.8.0)
==105614==    by 0x48960E6: rl_redisplay (in /usr/lib/x86_64-linux-gnu/libreadline.so.8.0)
==105614==    by 0x487F0F6: readline_internal_setup (in /usr/lib/x86_64-linux-gnu/libreadline.so.8.0)
==105614==    by 0x48804D3: readline (in /usr/lib/x86_64-linux-gnu/libreadline.so.8.0)
==105614==    by 0x401A74: input (input.c:25)
==105614==    by 0x40133B: minishell (main.c:25)
==105614==    by 0x4013FE: main (main.c:49)
==105614== 
==105614== 1,024 bytes in 1 blocks are still reachable in loss record 34 of 66
==105614==    at 0x483B7F3: malloc (in /usr/lib/x86_64-linux-gnu/valgrind/vgpreload_memcheck-amd64-linux.so)
==105614==    by 0x48A600C: xmalloc (in /usr/lib/x86_64-linux-gnu/libreadline.so.8.0)
==105614==    by 0x4890C37: ??? (in /usr/lib/x86_64-linux-gnu/libreadline.so.8.0)
==105614==    by 0x48960E6: rl_redisplay (in /usr/lib/x86_64-linux-gnu/libreadline.so.8.0)
==105614==    by 0x487F0F6: readline_internal_setup (in /usr/lib/x86_64-linux-gnu/libreadline.so.8.0)
==105614==    by 0x48804D3: readline (in /usr/lib/x86_64-linux-gnu/libreadline.so.8.0)
==105614==    by 0x401A74: input (input.c:25)
==105614==    by 0x40133B: minishell (main.c:25)
==105614==    by 0x4013FE: main (main.c:49)
==105614== 
==105614== 2,801 bytes in 287 blocks are still reachable in loss record 39 of 66
==105614==    at 0x483B7F3: malloc (in /usr/lib/x86_64-linux-gnu/valgrind/vgpreload_memcheck-amd64-linux.so)
==105614==    by 0x48A600C: xmalloc (in /usr/lib/x86_64-linux-gnu/libreadline.so.8.0)
==105614==    by 0x489F760: alloc_history_entry (in /usr/lib/x86_64-linux-gnu/libreadline.so.8.0)
==105614==    by 0x489FA04: add_history (in /usr/lib/x86_64-linux-gnu/libreadline.so.8.0)
==105614==    by 0x4018C2: load_history (history.c:57)
==105614==    by 0x4013F9: main (main.c:48)
==105614== 
==105614== 3,444 bytes in 287 blocks are still reachable in loss record 40 of 66
==105614==    at 0x483B7F3: malloc (in /usr/lib/x86_64-linux-gnu/valgrind/vgpreload_memcheck-amd64-linux.so)
==105614==    by 0x48A600C: xmalloc (in /usr/lib/x86_64-linux-gnu/libreadline.so.8.0)
==105614==    by 0x489F9E2: add_history (in /usr/lib/x86_64-linux-gnu/libreadline.so.8.0)
==105614==    by 0x4018C2: load_history (history.c:57)
==105614==    by 0x4013F9: main (main.c:48)
==105614== 
==105614== 4,016 bytes in 1 blocks are still reachable in loss record 43 of 66
==105614==    at 0x483B7F3: malloc (in /usr/lib/x86_64-linux-gnu/valgrind/vgpreload_memcheck-amd64-linux.so)
==105614==    by 0x48A600C: xmalloc (in /usr/lib/x86_64-linux-gnu/libreadline.so.8.0)
==105614==    by 0x489FA5B: add_history (in /usr/lib/x86_64-linux-gnu/libreadline.so.8.0)
==105614==    by 0x4018C2: load_history (history.c:57)
==105614==    by 0x4013F9: main (main.c:48)
==105614== 
==105614== 4,112 bytes in 1 blocks are still reachable in loss record 45 of 66
==105614==    at 0x483B7F3: malloc (in /usr/lib/x86_64-linux-gnu/valgrind/vgpreload_memcheck-amd64-linux.so)
==105614==    by 0x48A600C: xmalloc (in /usr/lib/x86_64-linux-gnu/libreadline.so.8.0)
==105614==    by 0x4884A91: rl_make_bare_keymap (in /usr/lib/x86_64-linux-gnu/libreadline.so.8.0)
==105614==    by 0x488BD79: rl_generic_bind (in /usr/lib/x86_64-linux-gnu/libreadline.so.8.0)
==105614==    by 0x488CF1D: rl_bind_keyseq_if_unbound_in_map (in /usr/lib/x86_64-linux-gnu/libreadline.so.8.0)
==105614==    by 0x489AF45: ??? (in /usr/lib/x86_64-linux-gnu/libreadline.so.8.0)
==105614==    by 0x489B897: _rl_init_terminal_io (in /usr/lib/x86_64-linux-gnu/libreadline.so.8.0)
==105614==    by 0x48801FF: rl_initialize (in /usr/lib/x86_64-linux-gnu/libreadline.so.8.0)
==105614==    by 0x48804AF: readline (in /usr/lib/x86_64-linux-gnu/libreadline.so.8.0)
==105614==    by 0x401A74: input (input.c:25)
==105614==    by 0x40133B: minishell (main.c:25)
==105614==    by 0x4013FE: main (main.c:49)
==105614== 
==105614== 4,112 bytes in 1 blocks are still reachable in loss record 46 of 66
==105614==    at 0x483B7F3: malloc (in /usr/lib/x86_64-linux-gnu/valgrind/vgpreload_memcheck-amd64-linux.so)
==105614==    by 0x48A600C: xmalloc (in /usr/lib/x86_64-linux-gnu/libreadline.so.8.0)
==105614==    by 0x4884A91: rl_make_bare_keymap (in /usr/lib/x86_64-linux-gnu/libreadline.so.8.0)
==105614==    by 0x488BD79: rl_generic_bind (in /usr/lib/x86_64-linux-gnu/libreadline.so.8.0)
==105614==    by 0x488CF1D: rl_bind_keyseq_if_unbound_in_map (in /usr/lib/x86_64-linux-gnu/libreadline.so.8.0)
==105614==    by 0x489AFCA: ??? (in /usr/lib/x86_64-linux-gnu/libreadline.so.8.0)
==105614==    by 0x489B897: _rl_init_terminal_io (in /usr/lib/x86_64-linux-gnu/libreadline.so.8.0)
==105614==    by 0x48801FF: rl_initialize (in /usr/lib/x86_64-linux-gnu/libreadline.so.8.0)
==105614==    by 0x48804AF: readline (in /usr/lib/x86_64-linux-gnu/libreadline.so.8.0)
==105614==    by 0x401A74: input (input.c:25)
==105614==    by 0x40133B: minishell (main.c:25)
==105614==    by 0x4013FE: main (main.c:49)
==105614== 
==105614== 4,112 bytes in 1 blocks are still reachable in loss record 47 of 66
==105614==    at 0x483B7F3: malloc (in /usr/lib/x86_64-linux-gnu/valgrind/vgpreload_memcheck-amd64-linux.so)
==105614==    by 0x48A600C: xmalloc (in /usr/lib/x86_64-linux-gnu/libreadline.so.8.0)
==105614==    by 0x4884A91: rl_make_bare_keymap (in /usr/lib/x86_64-linux-gnu/libreadline.so.8.0)
==105614==    by 0x488BD79: rl_generic_bind (in /usr/lib/x86_64-linux-gnu/libreadline.so.8.0)
==105614==    by 0x488CF1D: rl_bind_keyseq_if_unbound_in_map (in /usr/lib/x86_64-linux-gnu/libreadline.so.8.0)
==105614==    by 0x489AFCA: ??? (in /usr/lib/x86_64-linux-gnu/libreadline.so.8.0)
==105614==    by 0x489B8A3: _rl_init_terminal_io (in /usr/lib/x86_64-linux-gnu/libreadline.so.8.0)
==105614==    by 0x48801FF: rl_initialize (in /usr/lib/x86_64-linux-gnu/libreadline.so.8.0)
==105614==    by 0x48804AF: readline (in /usr/lib/x86_64-linux-gnu/libreadline.so.8.0)
==105614==    by 0x401A74: input (input.c:25)
==105614==    by 0x40133B: minishell (main.c:25)
==105614==    by 0x4013FE: main (main.c:49)
==105614== 
==105614== 4,112 bytes in 1 blocks are still reachable in loss record 48 of 66
==105614==    at 0x483B7F3: malloc (in /usr/lib/x86_64-linux-gnu/valgrind/vgpreload_memcheck-amd64-linux.so)
==105614==    by 0x48A600C: xmalloc (in /usr/lib/x86_64-linux-gnu/libreadline.so.8.0)
==105614==    by 0x4884A91: rl_make_bare_keymap (in /usr/lib/x86_64-linux-gnu/libreadline.so.8.0)
==105614==    by 0x488BD79: rl_generic_bind (in /usr/lib/x86_64-linux-gnu/libreadline.so.8.0)
==105614==    by 0x488CF1D: rl_bind_keyseq_if_unbound_in_map (in /usr/lib/x86_64-linux-gnu/libreadline.so.8.0)
==105614==    by 0x489AFCA: ??? (in /usr/lib/x86_64-linux-gnu/libreadline.so.8.0)
==105614==    by 0x489B8AF: _rl_init_terminal_io (in /usr/lib/x86_64-linux-gnu/libreadline.so.8.0)
==105614==    by 0x48801FF: rl_initialize (in /usr/lib/x86_64-linux-gnu/libreadline.so.8.0)
==105614==    by 0x48804AF: readline (in /usr/lib/x86_64-linux-gnu/libreadline.so.8.0)
==105614==    by 0x401A74: input (input.c:25)
==105614==    by 0x40133B: minishell (main.c:25)
==105614==    by 0x4013FE: main (main.c:49)
==105614== 
==105614== 4,112 bytes in 1 blocks are still reachable in loss record 49 of 66
==105614==    at 0x483B7F3: malloc (in /usr/lib/x86_64-linux-gnu/valgrind/vgpreload_memcheck-amd64-linux.so)
==105614==    by 0x48A600C: xmalloc (in /usr/lib/x86_64-linux-gnu/libreadline.so.8.0)
==105614==    by 0x4884A91: rl_make_bare_keymap (in /usr/lib/x86_64-linux-gnu/libreadline.so.8.0)
==105614==    by 0x488BD79: rl_generic_bind (in /usr/lib/x86_64-linux-gnu/libreadline.so.8.0)
==105614==    by 0x488CF1D: rl_bind_keyseq_if_unbound_in_map (in /usr/lib/x86_64-linux-gnu/libreadline.so.8.0)
==105614==    by 0x487EF72: ??? (in /usr/lib/x86_64-linux-gnu/libreadline.so.8.0)
==105614==    by 0x4880274: rl_initialize (in /usr/lib/x86_64-linux-gnu/libreadline.so.8.0)
==105614==    by 0x48804AF: readline (in /usr/lib/x86_64-linux-gnu/libreadline.so.8.0)
==105614==    by 0x401A74: input (input.c:25)
==105614==    by 0x40133B: minishell (main.c:25)
==105614==    by 0x4013FE: main (main.c:49)
==105614== 
==105614== 4,112 bytes in 1 blocks are still reachable in loss record 50 of 66
==105614==    at 0x483B7F3: malloc (in /usr/lib/x86_64-linux-gnu/valgrind/vgpreload_memcheck-amd64-linux.so)
==105614==    by 0x48A600C: xmalloc (in /usr/lib/x86_64-linux-gnu/libreadline.so.8.0)
==105614==    by 0x4884A91: rl_make_bare_keymap (in /usr/lib/x86_64-linux-gnu/libreadline.so.8.0)
==105614==    by 0x488BD79: rl_generic_bind (in /usr/lib/x86_64-linux-gnu/libreadline.so.8.0)
==105614==    by 0x488CF1D: rl_bind_keyseq_if_unbound_in_map (in /usr/lib/x86_64-linux-gnu/libreadline.so.8.0)
==105614==    by 0x487EF72: ??? (in /usr/lib/x86_64-linux-gnu/libreadline.so.8.0)
==105614==    by 0x4880283: rl_initialize (in /usr/lib/x86_64-linux-gnu/libreadline.so.8.0)
==105614==    by 0x48804AF: readline (in /usr/lib/x86_64-linux-gnu/libreadline.so.8.0)
==105614==    by 0x401A74: input (input.c:25)
==105614==    by 0x40133B: minishell (main.c:25)
==105614==    by 0x4013FE: main (main.c:49)
==105614== 
==105614== 4,112 bytes in 1 blocks are still reachable in loss record 51 of 66
==105614==    at 0x483B7F3: malloc (in /usr/lib/x86_64-linux-gnu/valgrind/vgpreload_memcheck-amd64-linux.so)
==105614==    by 0x48A600C: xmalloc (in /usr/lib/x86_64-linux-gnu/libreadline.so.8.0)
==105614==    by 0x4884A91: rl_make_bare_keymap (in /usr/lib/x86_64-linux-gnu/libreadline.so.8.0)
==105614==    by 0x488BD79: rl_generic_bind (in /usr/lib/x86_64-linux-gnu/libreadline.so.8.0)
==105614==    by 0x488CF1D: rl_bind_keyseq_if_unbound_in_map (in /usr/lib/x86_64-linux-gnu/libreadline.so.8.0)
==105614==    by 0x487EF72: ??? (in /usr/lib/x86_64-linux-gnu/libreadline.so.8.0)
==105614==    by 0x48802A1: rl_initialize (in /usr/lib/x86_64-linux-gnu/libreadline.so.8.0)
==105614==    by 0x48804AF: readline (in /usr/lib/x86_64-linux-gnu/libreadline.so.8.0)
==105614==    by 0x401A74: input (input.c:25)
==105614==    by 0x40133B: minishell (main.c:25)
==105614==    by 0x4013FE: main (main.c:49)
==105614== 
==105614== 6,888 bytes in 287 blocks are still reachable in loss record 52 of 66
==105614==    at 0x483B7F3: malloc (in /usr/lib/x86_64-linux-gnu/valgrind/vgpreload_memcheck-amd64-linux.so)
==105614==    by 0x48A600C: xmalloc (in /usr/lib/x86_64-linux-gnu/libreadline.so.8.0)
==105614==    by 0x489F747: alloc_history_entry (in /usr/lib/x86_64-linux-gnu/libreadline.so.8.0)
==105614==    by 0x489FA04: add_history (in /usr/lib/x86_64-linux-gnu/libreadline.so.8.0)
==105614==    by 0x4018C2: load_history (history.c:57)
==105614==    by 0x4013F9: main (main.c:48)
==105614== 
==105614== 8,224 bytes in 2 blocks are still reachable in loss record 54 of 66
==105614==    at 0x483B7F3: malloc (in /usr/lib/x86_64-linux-gnu/valgrind/vgpreload_memcheck-amd64-linux.so)
==105614==    by 0x48A600C: xmalloc (in /usr/lib/x86_64-linux-gnu/libreadline.so.8.0)
==105614==    by 0x4884A91: rl_make_bare_keymap (in /usr/lib/x86_64-linux-gnu/libreadline.so.8.0)
==105614==    by 0x488BD79: rl_generic_bind (in /usr/lib/x86_64-linux-gnu/libreadline.so.8.0)
==105614==    by 0x488CF1D: rl_bind_keyseq_if_unbound_in_map (in /usr/lib/x86_64-linux-gnu/libreadline.so.8.0)
==105614==    by 0x489AFB7: ??? (in /usr/lib/x86_64-linux-gnu/libreadline.so.8.0)
==105614==    by 0x489B897: _rl_init_terminal_io (in /usr/lib/x86_64-linux-gnu/libreadline.so.8.0)
==105614==    by 0x48801FF: rl_initialize (in /usr/lib/x86_64-linux-gnu/libreadline.so.8.0)
==105614==    by 0x48804AF: readline (in /usr/lib/x86_64-linux-gnu/libreadline.so.8.0)
==105614==    by 0x401A74: input (input.c:25)
==105614==    by 0x40133B: minishell (main.c:25)
==105614==    by 0x4013FE: main (main.c:49)
==105614== 
==105614== 8,224 bytes in 2 blocks are still reachable in loss record 55 of 66
==105614==    at 0x483B7F3: malloc (in /usr/lib/x86_64-linux-gnu/valgrind/vgpreload_memcheck-amd64-linux.so)
==105614==    by 0x48A600C: xmalloc (in /usr/lib/x86_64-linux-gnu/libreadline.so.8.0)
==105614==    by 0x4884A91: rl_make_bare_keymap (in /usr/lib/x86_64-linux-gnu/libreadline.so.8.0)
==105614==    by 0x488BD79: rl_generic_bind (in /usr/lib/x86_64-linux-gnu/libreadline.so.8.0)
==105614==    by 0x488CF1D: rl_bind_keyseq_if_unbound_in_map (in /usr/lib/x86_64-linux-gnu/libreadline.so.8.0)
==105614==    by 0x489AF45: ??? (in /usr/lib/x86_64-linux-gnu/libreadline.so.8.0)
==105614==    by 0x489B8A3: _rl_init_terminal_io (in /usr/lib/x86_64-linux-gnu/libreadline.so.8.0)
==105614==    by 0x48801FF: rl_initialize (in /usr/lib/x86_64-linux-gnu/libreadline.so.8.0)
==105614==    by 0x48804AF: readline (in /usr/lib/x86_64-linux-gnu/libreadline.so.8.0)
==105614==    by 0x401A74: input (input.c:25)
==105614==    by 0x40133B: minishell (main.c:25)
==105614==    by 0x4013FE: main (main.c:49)
==105614== 
==105614== 8,224 bytes in 2 blocks are still reachable in loss record 56 of 66
==105614==    at 0x483B7F3: malloc (in /usr/lib/x86_64-linux-gnu/valgrind/vgpreload_memcheck-amd64-linux.so)
==105614==    by 0x48A600C: xmalloc (in /usr/lib/x86_64-linux-gnu/libreadline.so.8.0)
==105614==    by 0x4884A91: rl_make_bare_keymap (in /usr/lib/x86_64-linux-gnu/libreadline.so.8.0)
==105614==    by 0x488BD79: rl_generic_bind (in /usr/lib/x86_64-linux-gnu/libreadline.so.8.0)
==105614==    by 0x488CF1D: rl_bind_keyseq_if_unbound_in_map (in /usr/lib/x86_64-linux-gnu/libreadline.so.8.0)
==105614==    by 0x489AFB7: ??? (in /usr/lib/x86_64-linux-gnu/libreadline.so.8.0)
==105614==    by 0x489B8A3: _rl_init_terminal_io (in /usr/lib/x86_64-linux-gnu/libreadline.so.8.0)
==105614==    by 0x48801FF: rl_initialize (in /usr/lib/x86_64-linux-gnu/libreadline.so.8.0)
==105614==    by 0x48804AF: readline (in /usr/lib/x86_64-linux-gnu/libreadline.so.8.0)
==105614==    by 0x401A74: input (input.c:25)
==105614==    by 0x40133B: minishell (main.c:25)
==105614==    by 0x4013FE: main (main.c:49)
==105614== 
==105614== 8,224 bytes in 2 blocks are still reachable in loss record 57 of 66
==105614==    at 0x483B7F3: malloc (in /usr/lib/x86_64-linux-gnu/valgrind/vgpreload_memcheck-amd64-linux.so)
==105614==    by 0x48A600C: xmalloc (in /usr/lib/x86_64-linux-gnu/libreadline.so.8.0)
==105614==    by 0x4884A91: rl_make_bare_keymap (in /usr/lib/x86_64-linux-gnu/libreadline.so.8.0)
==105614==    by 0x488BD79: rl_generic_bind (in /usr/lib/x86_64-linux-gnu/libreadline.so.8.0)
==105614==    by 0x488CF1D: rl_bind_keyseq_if_unbound_in_map (in /usr/lib/x86_64-linux-gnu/libreadline.so.8.0)
==105614==    by 0x489AF45: ??? (in /usr/lib/x86_64-linux-gnu/libreadline.so.8.0)
==105614==    by 0x489B8AF: _rl_init_terminal_io (in /usr/lib/x86_64-linux-gnu/libreadline.so.8.0)
==105614==    by 0x48801FF: rl_initialize (in /usr/lib/x86_64-linux-gnu/libreadline.so.8.0)
==105614==    by 0x48804AF: readline (in /usr/lib/x86_64-linux-gnu/libreadline.so.8.0)
==105614==    by 0x401A74: input (input.c:25)
==105614==    by 0x40133B: minishell (main.c:25)
==105614==    by 0x4013FE: main (main.c:49)
==105614== 
==105614== 8,224 bytes in 2 blocks are still reachable in loss record 58 of 66
==105614==    at 0x483B7F3: malloc (in /usr/lib/x86_64-linux-gnu/valgrind/vgpreload_memcheck-amd64-linux.so)
==105614==    by 0x48A600C: xmalloc (in /usr/lib/x86_64-linux-gnu/libreadline.so.8.0)
==105614==    by 0x4884A91: rl_make_bare_keymap (in /usr/lib/x86_64-linux-gnu/libreadline.so.8.0)
==105614==    by 0x488BD79: rl_generic_bind (in /usr/lib/x86_64-linux-gnu/libreadline.so.8.0)
==105614==    by 0x488CF1D: rl_bind_keyseq_if_unbound_in_map (in /usr/lib/x86_64-linux-gnu/libreadline.so.8.0)
==105614==    by 0x489AFB7: ??? (in /usr/lib/x86_64-linux-gnu/libreadline.so.8.0)
==105614==    by 0x489B8AF: _rl_init_terminal_io (in /usr/lib/x86_64-linux-gnu/libreadline.so.8.0)
==105614==    by 0x48801FF: rl_initialize (in /usr/lib/x86_64-linux-gnu/libreadline.so.8.0)
==105614==    by 0x48804AF: readline (in /usr/lib/x86_64-linux-gnu/libreadline.so.8.0)
==105614==    by 0x401A74: input (input.c:25)
==105614==    by 0x40133B: minishell (main.c:25)
==105614==    by 0x4013FE: main (main.c:49)
==105614== 
==105614== 8,224 bytes in 2 blocks are still reachable in loss record 59 of 66
==105614==    at 0x483B7F3: malloc (in /usr/lib/x86_64-linux-gnu/valgrind/vgpreload_memcheck-amd64-linux.so)
==105614==    by 0x48A600C: xmalloc (in /usr/lib/x86_64-linux-gnu/libreadline.so.8.0)
==105614==    by 0x4884A91: rl_make_bare_keymap (in /usr/lib/x86_64-linux-gnu/libreadline.so.8.0)
==105614==    by 0x488BD79: rl_generic_bind (in /usr/lib/x86_64-linux-gnu/libreadline.so.8.0)
==105614==    by 0x488CF1D: rl_bind_keyseq_if_unbound_in_map (in /usr/lib/x86_64-linux-gnu/libreadline.so.8.0)
==105614==    by 0x487EF63: ??? (in /usr/lib/x86_64-linux-gnu/libreadline.so.8.0)
==105614==    by 0x4880274: rl_initialize (in /usr/lib/x86_64-linux-gnu/libreadline.so.8.0)
==105614==    by 0x48804AF: readline (in /usr/lib/x86_64-linux-gnu/libreadline.so.8.0)
==105614==    by 0x401A74: input (input.c:25)
==105614==    by 0x40133B: minishell (main.c:25)
==105614==    by 0x4013FE: main (main.c:49)
==105614== 
==105614== 8,224 bytes in 2 blocks are still reachable in loss record 60 of 66
==105614==    at 0x483B7F3: malloc (in /usr/lib/x86_64-linux-gnu/valgrind/vgpreload_memcheck-amd64-linux.so)
==105614==    by 0x48A600C: xmalloc (in /usr/lib/x86_64-linux-gnu/libreadline.so.8.0)
==105614==    by 0x4884A91: rl_make_bare_keymap (in /usr/lib/x86_64-linux-gnu/libreadline.so.8.0)
==105614==    by 0x488BD79: rl_generic_bind (in /usr/lib/x86_64-linux-gnu/libreadline.so.8.0)
==105614==    by 0x488CF1D: rl_bind_keyseq_if_unbound_in_map (in /usr/lib/x86_64-linux-gnu/libreadline.so.8.0)
==105614==    by 0x487EF63: ??? (in /usr/lib/x86_64-linux-gnu/libreadline.so.8.0)
==105614==    by 0x4880283: rl_initialize (in /usr/lib/x86_64-linux-gnu/libreadline.so.8.0)
==105614==    by 0x48804AF: readline (in /usr/lib/x86_64-linux-gnu/libreadline.so.8.0)
==105614==    by 0x401A74: input (input.c:25)
==105614==    by 0x40133B: minishell (main.c:25)
==105614==    by 0x4013FE: main (main.c:49)
==105614== 
==105614== 8,224 bytes in 2 blocks are still reachable in loss record 61 of 66
==105614==    at 0x483B7F3: malloc (in /usr/lib/x86_64-linux-gnu/valgrind/vgpreload_memcheck-amd64-linux.so)
==105614==    by 0x48A600C: xmalloc (in /usr/lib/x86_64-linux-gnu/libreadline.so.8.0)
==105614==    by 0x4884A91: rl_make_bare_keymap (in /usr/lib/x86_64-linux-gnu/libreadline.so.8.0)
==105614==    by 0x488BD79: rl_generic_bind (in /usr/lib/x86_64-linux-gnu/libreadline.so.8.0)
==105614==    by 0x488CF1D: rl_bind_keyseq_if_unbound_in_map (in /usr/lib/x86_64-linux-gnu/libreadline.so.8.0)
==105614==    by 0x487EF63: ??? (in /usr/lib/x86_64-linux-gnu/libreadline.so.8.0)
==105614==    by 0x48802A1: rl_initialize (in /usr/lib/x86_64-linux-gnu/libreadline.so.8.0)
==105614==    by 0x48804AF: readline (in /usr/lib/x86_64-linux-gnu/libreadline.so.8.0)
==105614==    by 0x401A74: input (input.c:25)
==105614==    by 0x40133B: minishell (main.c:25)
==105614==    by 0x4013FE: main (main.c:49)
==105614== 
==105614== 12,336 bytes in 3 blocks are still reachable in loss record 64 of 66
==105614==    at 0x483B7F3: malloc (in /usr/lib/x86_64-linux-gnu/valgrind/vgpreload_memcheck-amd64-linux.so)
==105614==    by 0x48A600C: xmalloc (in /usr/lib/x86_64-linux-gnu/libreadline.so.8.0)
==105614==    by 0x4884A91: rl_make_bare_keymap (in /usr/lib/x86_64-linux-gnu/libreadline.so.8.0)
==105614==    by 0x488BD79: rl_generic_bind (in /usr/lib/x86_64-linux-gnu/libreadline.so.8.0)
==105614==    by 0x488CF1D: rl_bind_keyseq_if_unbound_in_map (in /usr/lib/x86_64-linux-gnu/libreadline.so.8.0)
==105614==    by 0x487EF3A: ??? (in /usr/lib/x86_64-linux-gnu/libreadline.so.8.0)
==105614==    by 0x4880283: rl_initialize (in /usr/lib/x86_64-linux-gnu/libreadline.so.8.0)
==105614==    by 0x48804AF: readline (in /usr/lib/x86_64-linux-gnu/libreadline.so.8.0)
==105614==    by 0x401A74: input (input.c:25)
==105614==    by 0x40133B: minishell (main.c:25)
==105614==    by 0x4013FE: main (main.c:49)
==105614== 
==105614== 12,336 bytes in 3 blocks are still reachable in loss record 65 of 66
==105614==    at 0x483B7F3: malloc (in /usr/lib/x86_64-linux-gnu/valgrind/vgpreload_memcheck-amd64-linux.so)
==105614==    by 0x48A600C: xmalloc (in /usr/lib/x86_64-linux-gnu/libreadline.so.8.0)
==105614==    by 0x4884A91: rl_make_bare_keymap (in /usr/lib/x86_64-linux-gnu/libreadline.so.8.0)
==105614==    by 0x488BD79: rl_generic_bind (in /usr/lib/x86_64-linux-gnu/libreadline.so.8.0)
==105614==    by 0x488CF1D: rl_bind_keyseq_if_unbound_in_map (in /usr/lib/x86_64-linux-gnu/libreadline.so.8.0)
==105614==    by 0x487EF3A: ??? (in /usr/lib/x86_64-linux-gnu/libreadline.so.8.0)
==105614==    by 0x48802A1: rl_initialize (in /usr/lib/x86_64-linux-gnu/libreadline.so.8.0)
==105614==    by 0x48804AF: readline (in /usr/lib/x86_64-linux-gnu/libreadline.so.8.0)
==105614==    by 0x401A74: input (input.c:25)
==105614==    by 0x40133B: minishell (main.c:25)
==105614==    by 0x4013FE: main (main.c:49)
==105614== 
==105614== 28,784 bytes in 7 blocks are still reachable in loss record 66 of 66
==105614==    at 0x483B7F3: malloc (in /usr/lib/x86_64-linux-gnu/valgrind/vgpreload_memcheck-amd64-linux.so)
==105614==    by 0x48A600C: xmalloc (in /usr/lib/x86_64-linux-gnu/libreadline.so.8.0)
==105614==    by 0x4884A91: rl_make_bare_keymap (in /usr/lib/x86_64-linux-gnu/libreadline.so.8.0)
==105614==    by 0x488BD79: rl_generic_bind (in /usr/lib/x86_64-linux-gnu/libreadline.so.8.0)
==105614==    by 0x488DA92: rl_parse_and_bind (in /usr/lib/x86_64-linux-gnu/libreadline.so.8.0)
==105614==    by 0x488DC6C: ??? (in /usr/lib/x86_64-linux-gnu/libreadline.so.8.0)
==105614==    by 0x4880228: rl_initialize (in /usr/lib/x86_64-linux-gnu/libreadline.so.8.0)
==105614==    by 0x48804AF: readline (in /usr/lib/x86_64-linux-gnu/libreadline.so.8.0)
==105614==    by 0x401A74: input (input.c:25)
==105614==    by 0x40133B: minishell (main.c:25)
==105614==    by 0x4013FE: main (main.c:49)
==105614== 
==105614== LEAK SUMMARY:
==105614==    definitely lost: 0 bytes in 0 blocks
==105614==    indirectly lost: 0 bytes in 0 blocks
==105614==      possibly lost: 0 bytes in 0 blocks
==105614==    still reachable: 171,658 bytes in 917 blocks
==105614==         suppressed: 46,285 bytes in 167 blocks
==105614== 
==105614== For lists of detected and suppressed errors, rerun with: -s
==105614== ERROR SUMMARY: 0 errors from 0 contexts (suppressed: 0 from 0)
